Analysis & Synthesis report for Multiplier
Tue Feb 13 23:22:35 2018
Quartus II 32-bit Version 13.1.4 Build 182 03/12/2014 SJ Full Version


---------------------
; Table of Contents ;
---------------------
  1. Legal Notice
  2. Analysis & Synthesis Summary
  3. Analysis & Synthesis Settings
  4. Parallel Compilation
  5. Analysis & Synthesis Source Files Read
  6. Analysis & Synthesis Resource Usage Summary
  7. Analysis & Synthesis Resource Utilization by Entity
  8. State Machine - |multiplier|control:control_unit|curr_state
  9. Registers Removed During Synthesis
 10. Removed Registers Triggering Further Register Optimizations
 11. General Register Statistics
 12. Port Connectivity Checks: "sync:Din_sync[7]"
 13. Port Connectivity Checks: "sync:Din_sync[6]"
 14. Port Connectivity Checks: "sync:Din_sync[5]"
 15. Port Connectivity Checks: "sync:Din_sync[4]"
 16. Port Connectivity Checks: "sync:Din_sync[3]"
 17. Port Connectivity Checks: "sync:Din_sync[2]"
 18. Port Connectivity Checks: "sync:Din_sync[1]"
 19. Port Connectivity Checks: "sync:Din_sync[0]"
 20. Port Connectivity Checks: "control:control_unit"
 21. Port Connectivity Checks: "sign_extend_adder:adder_unit|full_adder:FA8"
 22. Port Connectivity Checks: "register_unit:reg_unit"
 23. Elapsed Time Per Partition
 24. Analysis & Synthesis Messages
 25. Analysis & Synthesis Suppressed Messages



----------------
; Legal Notice ;
----------------
Copyright (C) 1991-2014 Altera Corporation
Your use of Altera Corporation's design tools, logic functions 
and other software and tools, and its AMPP partner logic 
functions, and any output files from any of the foregoing 
(including device programming or simulation files), and any 
associated documentation or information are expressly subject 
to the terms and conditions of the Altera Program License 
Subscription Agreement, Altera MegaCore Function License 
Agreement, or other applicable license agreement, including, 
without limitation, that your use is for the sole purpose of 
programming logic devices manufactured by Altera and sold by 
Altera or its authorized distributors.  Please refer to the 
applicable agreement for further details.



+----------------------------------------------------------------------------------+
; Analysis & Synthesis Summary                                                     ;
+------------------------------------+---------------------------------------------+
; Analysis & Synthesis Status        ; Successful - Tue Feb 13 23:22:35 2018       ;
; Quartus II 32-bit Version          ; 13.1.4 Build 182 03/12/2014 SJ Full Version ;
; Revision Name                      ; Multiplier                                  ;
; Top-level Entity Name              ; multiplier                                  ;
; Family                             ; Cyclone IV E                                ;
; Total logic elements               ; 0                                           ;
;     Total combinational functions  ; 0                                           ;
;     Dedicated logic registers      ; 0                                           ;
; Total registers                    ; 0                                           ;
; Total pins                         ; 60                                          ;
; Total virtual pins                 ; 0                                           ;
; Total memory bits                  ; 0                                           ;
; Embedded Multiplier 9-bit elements ; 0                                           ;
; Total PLLs                         ; 0                                           ;
+------------------------------------+---------------------------------------------+


+----------------------------------------------------------------------------------------------------------------------+
; Analysis & Synthesis Settings                                                                                        ;
+----------------------------------------------------------------------------+--------------------+--------------------+
; Option                                                                     ; Setting            ; Default Value      ;
+----------------------------------------------------------------------------+--------------------+--------------------+
; Device                                                                     ; EP4CE115F29C7      ;                    ;
; Top-level entity name                                                      ; multiplier         ; Multiplier         ;
; Family name                                                                ; Cyclone IV E       ; Cyclone IV GX      ;
; Use smart compilation                                                      ; Off                ; Off                ;
; Enable parallel Assembler and TimeQuest Timing Analyzer during compilation ; On                 ; On                 ;
; Enable compact report table                                                ; Off                ; Off                ;
; Restructure Multiplexers                                                   ; Auto               ; Auto               ;
; Create Debugging Nodes for IP Cores                                        ; Off                ; Off                ;
; Preserve fewer node names                                                  ; On                 ; On                 ;
; Disable OpenCore Plus hardware evaluation                                  ; Off                ; Off                ;
; Verilog Version                                                            ; Verilog_2001       ; Verilog_2001       ;
; VHDL Version                                                               ; VHDL_1993          ; VHDL_1993          ;
; State Machine Processing                                                   ; Auto               ; Auto               ;
; Safe State Machine                                                         ; Off                ; Off                ;
; Extract Verilog State Machines                                             ; On                 ; On                 ;
; Extract VHDL State Machines                                                ; On                 ; On                 ;
; Ignore Verilog initial constructs                                          ; Off                ; Off                ;
; Iteration limit for constant Verilog loops                                 ; 5000               ; 5000               ;
; Iteration limit for non-constant Verilog loops                             ; 250                ; 250                ;
; Add Pass-Through Logic to Inferred RAMs                                    ; On                 ; On                 ;
; Infer RAMs from Raw Logic                                                  ; On                 ; On                 ;
; Parallel Synthesis                                                         ; On                 ; On                 ;
; DSP Block Balancing                                                        ; Auto               ; Auto               ;
; NOT Gate Push-Back                                                         ; On                 ; On                 ;
; Power-Up Don't Care                                                        ; On                 ; On                 ;
; Remove Redundant Logic Cells                                               ; Off                ; Off                ;
; Remove Duplicate Registers                                                 ; On                 ; On                 ;
; Ignore CARRY Buffers                                                       ; Off                ; Off                ;
; Ignore CASCADE Buffers                                                     ; Off                ; Off                ;
; Ignore GLOBAL Buffers                                                      ; Off                ; Off                ;
; Ignore ROW GLOBAL Buffers                                                  ; Off                ; Off                ;
; Ignore LCELL Buffers                                                       ; Off                ; Off                ;
; Ignore SOFT Buffers                                                        ; On                 ; On                 ;
; Limit AHDL Integers to 32 Bits                                             ; Off                ; Off                ;
; Optimization Technique                                                     ; Balanced           ; Balanced           ;
; Carry Chain Length                                                         ; 70                 ; 70                 ;
; Auto Carry Chains                                                          ; On                 ; On                 ;
; Auto Open-Drain Pins                                                       ; On                 ; On                 ;
; Perform WYSIWYG Primitive Resynthesis                                      ; Off                ; Off                ;
; Auto ROM Replacement                                                       ; On                 ; On                 ;
; Auto RAM Replacement                                                       ; On                 ; On                 ;
; Auto DSP Block Replacement                                                 ; On                 ; On                 ;
; Auto Shift Register Replacement                                            ; Auto               ; Auto               ;
; Allow Shift Register Merging across Hierarchies                            ; Auto               ; Auto               ;
; Auto Clock Enable Replacement                                              ; On                 ; On                 ;
; Strict RAM Replacement                                                     ; Off                ; Off                ;
; Allow Synchronous Control Signals                                          ; On                 ; On                 ;
; Force Use of Synchronous Clear Signals                                     ; Off                ; Off                ;
; Auto RAM Block Balancing                                                   ; On                 ; On                 ;
; Auto RAM to Logic Cell Conversion                                          ; Off                ; Off                ;
; Auto Resource Sharing                                                      ; Off                ; Off                ;
; Allow Any RAM Size For Recognition                                         ; Off                ; Off                ;
; Allow Any ROM Size For Recognition                                         ; Off                ; Off                ;
; Allow Any Shift Register Size For Recognition                              ; Off                ; Off                ;
; Use LogicLock Constraints during Resource Balancing                        ; On                 ; On                 ;
; Ignore translate_off and synthesis_off directives                          ; Off                ; Off                ;
; Timing-Driven Synthesis                                                    ; On                 ; On                 ;
; Report Parameter Settings                                                  ; On                 ; On                 ;
; Report Source Assignments                                                  ; On                 ; On                 ;
; Report Connectivity Checks                                                 ; On                 ; On                 ;
; Ignore Maximum Fan-Out Assignments                                         ; Off                ; Off                ;
; Synchronization Register Chain Length                                      ; 2                  ; 2                  ;
; PowerPlay Power Optimization                                               ; Normal compilation ; Normal compilation ;
; HDL message level                                                          ; Level2             ; Level2             ;
; Suppress Register Optimization Related Messages                            ; Off                ; Off                ;
; Number of Removed Registers Reported in Synthesis Report                   ; 5000               ; 5000               ;
; Number of Swept Nodes Reported in Synthesis Report                         ; 5000               ; 5000               ;
; Number of Inverted Registers Reported in Synthesis Report                  ; 100                ; 100                ;
; Clock MUX Protection                                                       ; On                 ; On                 ;
; Auto Gated Clock Conversion                                                ; Off                ; Off                ;
; Block Design Naming                                                        ; Auto               ; Auto               ;
; SDC constraint protection                                                  ; Off                ; Off                ;
; Synthesis Effort                                                           ; Auto               ; Auto               ;
; Shift Register Replacement - Allow Asynchronous Clear Signal               ; On                 ; On                 ;
; Pre-Mapping Resynthesis Optimization                                       ; Off                ; Off                ;
; Analysis & Synthesis Message Level                                         ; Medium             ; Medium             ;
; Disable Register Merging Across Hierarchies                                ; Auto               ; Auto               ;
; Resource Aware Inference For Block RAM                                     ; On                 ; On                 ;
; Synthesis Seed                                                             ; 1                  ; 1                  ;
+----------------------------------------------------------------------------+--------------------+--------------------+


+------------------------------------------+
; Parallel Compilation                     ;
+----------------------------+-------------+
; Processors                 ; Number      ;
+----------------------------+-------------+
; Number detected on machine ; 24          ;
; Maximum allowed            ; 12          ;
;                            ;             ;
; Average used               ; 1.00        ;
; Maximum used               ; 1           ;
;                            ;             ;
; Usage by Processor         ; % Time Used ;
;     Processor 1            ; 100.0%      ;
;     Processors 2-24        ;   0.0%      ;
+----------------------------+-------------+


+------------------------------------------------------------------------------------------------------------------------------------------+
; Analysis & Synthesis Source Files Read                                                                                                   ;
+----------------------------------+-----------------+------------------------------+--------------------------------------------+---------+
; File Name with User-Entered Path ; Used in Netlist ; File Type                    ; File Name with Absolute Path               ; Library ;
+----------------------------------+-----------------+------------------------------+--------------------------------------------+---------+
; xfp.sv                           ; yes             ; User SystemVerilog HDL File  ; /home/cwu72/Desktop/Lab-5/xfp.sv           ;         ;
; Synchronizers.sv                 ; yes             ; User SystemVerilog HDL File  ; /home/cwu72/Desktop/Lab-5/Synchronizers.sv ;         ;
; Register_unit.sv                 ; yes             ; User SystemVerilog HDL File  ; /home/cwu72/Desktop/Lab-5/Register_unit.sv ;         ;
; Reg_8.sv                         ; yes             ; User SystemVerilog HDL File  ; /home/cwu72/Desktop/Lab-5/Reg_8.sv         ;         ;
; multiplier.sv                    ; yes             ; User SystemVerilog HDL File  ; /home/cwu72/Desktop/Lab-5/multiplier.sv    ;         ;
; HexDriver.sv                     ; yes             ; User SystemVerilog HDL File  ; /home/cwu72/Desktop/Lab-5/HexDriver.sv     ;         ;
; Control.sv                       ; yes             ; User SystemVerilog HDL File  ; /home/cwu72/Desktop/Lab-5/Control.sv       ;         ;
; adder.sv                         ; yes             ; User SystemVerilog HDL File  ; /home/cwu72/Desktop/Lab-5/adder.sv         ;         ;
+----------------------------------+-----------------+------------------------------+--------------------------------------------+---------+


+------------------------------------------------------------+
; Analysis & Synthesis Resource Usage Summary                ;
+---------------------------------------------+--------------+
; Resource                                    ; Usage        ;
+---------------------------------------------+--------------+
;                                             ;              ;
; Total combinational functions               ; 0            ;
; Logic element usage by number of LUT inputs ;              ;
;     -- 4 input functions                    ; 0            ;
;     -- 3 input functions                    ; 0            ;
;     -- <=2 input functions                  ; 0            ;
;                                             ;              ;
; Logic elements by mode                      ;              ;
;     -- normal mode                          ; 0            ;
;     -- arithmetic mode                      ; 0            ;
;                                             ;              ;
; Total registers                             ; 0            ;
;     -- Dedicated logic registers            ; 0            ;
;     -- I/O registers                        ; 0            ;
;                                             ;              ;
; I/O pins                                    ; 60           ;
; Embedded Multiplier 9-bit elements          ; 0            ;
; Maximum fan-out node                        ; ClearA_LoadB ;
; Maximum fan-out                             ; 1            ;
; Total fan-out                               ; 60           ;
; Average fan-out                             ; 0.50         ;
+---------------------------------------------+--------------+


+-----------------------------------------------------------------------------------------------------------------------------------------------------------------------------+
; Analysis & Synthesis Resource Utilization by Entity                                                                                                                         ;
+----------------------------+-------------------+--------------+-------------+--------------+---------+-----------+------+--------------+---------------------+--------------+
; Compilation Hierarchy Node ; LC Combinationals ; LC Registers ; Memory Bits ; DSP Elements ; DSP 9x9 ; DSP 18x18 ; Pins ; Virtual Pins ; Full Hierarchy Name ; Library Name ;
+----------------------------+-------------------+--------------+-------------+--------------+---------+-----------+------+--------------+---------------------+--------------+
; |multiplier                ; 0 (0)             ; 0 (0)        ; 0           ; 0            ; 0       ; 0         ; 60   ; 0            ; |multiplier         ; work         ;
+----------------------------+-------------------+--------------+-------------+--------------+---------+-----------+------+--------------+---------------------+--------------+
Note: For table entries with two numbers listed, the numbers in parentheses indicate the number of resources of the given type used by the specific entity alone. The numbers listed outside of parentheses indicate the total resources of the given type used by the specific entity and all of its sub-entities in the hierarchy.


Encoding Type:  One-Hot
+--------------------------------------------------------------------------------------------------------------------------------------------------------------------------------------------------------------------------------------------------------------------------------------------------------------------+
; State Machine - |multiplier|control:control_unit|curr_state                                                                                                                                                                                                                                                        ;
+---------------+--------------+---------------+--------------+---------------+--------------+---------------+--------------+---------------+--------------+---------------+--------------+---------------+--------------+---------------+--------------+---------------+--------------+--------------+--------------+
; Name          ; curr_state.L ; curr_state.H1 ; curr_state.H ; curr_state.G1 ; curr_state.G ; curr_state.F1 ; curr_state.F ; curr_state.E1 ; curr_state.E ; curr_state.D1 ; curr_state.D ; curr_state.C1 ; curr_state.C ; curr_state.B1 ; curr_state.B ; curr_state.A1 ; curr_state.A ; curr_state.Q ; curr_state.S ;
+---------------+--------------+---------------+--------------+---------------+--------------+---------------+--------------+---------------+--------------+---------------+--------------+---------------+--------------+---------------+--------------+---------------+--------------+--------------+--------------+
; curr_state.S  ; 0            ; 0             ; 0            ; 0             ; 0            ; 0             ; 0            ; 0             ; 0            ; 0             ; 0            ; 0             ; 0            ; 0             ; 0            ; 0             ; 0            ; 0            ; 0            ;
; curr_state.Q  ; 0            ; 0             ; 0            ; 0             ; 0            ; 0             ; 0            ; 0             ; 0            ; 0             ; 0            ; 0             ; 0            ; 0             ; 0            ; 0             ; 0            ; 1            ; 1            ;
; curr_state.A  ; 0            ; 0             ; 0            ; 0             ; 0            ; 0             ; 0            ; 0             ; 0            ; 0             ; 0            ; 0             ; 0            ; 0             ; 0            ; 0             ; 1            ; 0            ; 1            ;
; curr_state.A1 ; 0            ; 0             ; 0            ; 0             ; 0            ; 0             ; 0            ; 0             ; 0            ; 0             ; 0            ; 0             ; 0            ; 0             ; 0            ; 1             ; 0            ; 0            ; 1            ;
; curr_state.B  ; 0            ; 0             ; 0            ; 0             ; 0            ; 0             ; 0            ; 0             ; 0            ; 0             ; 0            ; 0             ; 0            ; 0             ; 1            ; 0             ; 0            ; 0            ; 1            ;
; curr_state.B1 ; 0            ; 0             ; 0            ; 0             ; 0            ; 0             ; 0            ; 0             ; 0            ; 0             ; 0            ; 0             ; 0            ; 1             ; 0            ; 0             ; 0            ; 0            ; 1            ;
; curr_state.C  ; 0            ; 0             ; 0            ; 0             ; 0            ; 0             ; 0            ; 0             ; 0            ; 0             ; 0            ; 0             ; 1            ; 0             ; 0            ; 0             ; 0            ; 0            ; 1            ;
; curr_state.C1 ; 0            ; 0             ; 0            ; 0             ; 0            ; 0             ; 0            ; 0             ; 0            ; 0             ; 0            ; 1             ; 0            ; 0             ; 0            ; 0             ; 0            ; 0            ; 1            ;
; curr_state.D  ; 0            ; 0             ; 0            ; 0             ; 0            ; 0             ; 0            ; 0             ; 0            ; 0             ; 1            ; 0             ; 0            ; 0             ; 0            ; 0             ; 0            ; 0            ; 1            ;
; curr_state.D1 ; 0            ; 0             ; 0            ; 0             ; 0            ; 0             ; 0            ; 0             ; 0            ; 1             ; 0            ; 0             ; 0            ; 0             ; 0            ; 0             ; 0            ; 0            ; 1            ;
; curr_state.E  ; 0            ; 0             ; 0            ; 0             ; 0            ; 0             ; 0            ; 0             ; 1            ; 0             ; 0            ; 0             ; 0            ; 0             ; 0            ; 0             ; 0            ; 0            ; 1            ;
; curr_state.E1 ; 0            ; 0             ; 0            ; 0             ; 0            ; 0             ; 0            ; 1             ; 0            ; 0             ; 0            ; 0             ; 0            ; 0             ; 0            ; 0             ; 0            ; 0            ; 1            ;
; curr_state.F  ; 0            ; 0             ; 0            ; 0             ; 0            ; 0             ; 1            ; 0             ; 0            ; 0             ; 0            ; 0             ; 0            ; 0             ; 0            ; 0             ; 0            ; 0            ; 1            ;
; curr_state.F1 ; 0            ; 0             ; 0            ; 0             ; 0            ; 1             ; 0            ; 0             ; 0            ; 0             ; 0            ; 0             ; 0            ; 0             ; 0            ; 0             ; 0            ; 0            ; 1            ;
; curr_state.G  ; 0            ; 0             ; 0            ; 0             ; 1            ; 0             ; 0            ; 0             ; 0            ; 0             ; 0            ; 0             ; 0            ; 0             ; 0            ; 0             ; 0            ; 0            ; 1            ;
; curr_state.G1 ; 0            ; 0             ; 0            ; 1             ; 0            ; 0             ; 0            ; 0             ; 0            ; 0             ; 0            ; 0             ; 0            ; 0             ; 0            ; 0             ; 0            ; 0            ; 1            ;
; curr_state.H  ; 0            ; 0             ; 1            ; 0             ; 0            ; 0             ; 0            ; 0             ; 0            ; 0             ; 0            ; 0             ; 0            ; 0             ; 0            ; 0             ; 0            ; 0            ; 1            ;
; curr_state.H1 ; 0            ; 1             ; 0            ; 0             ; 0            ; 0             ; 0            ; 0             ; 0            ; 0             ; 0            ; 0             ; 0            ; 0             ; 0            ; 0             ; 0            ; 0            ; 1            ;
; curr_state.L  ; 1            ; 0             ; 0            ; 0             ; 0            ; 0             ; 0            ; 0             ; 0            ; 0             ; 0            ; 0             ; 0            ; 0             ; 0            ; 0             ; 0            ; 0            ; 1            ;
+---------------+--------------+---------------+--------------+---------------+--------------+---------------+--------------+---------------+--------------+---------------+--------------+---------------+--------------+---------------+--------------+---------------+--------------+--------------+--------------+


+--------------------------------------------------------------------------------------------+
; Registers Removed During Synthesis                                                         ;
+---------------------------------------------------+----------------------------------------+
; Register name                                     ; Reason for Removal                     ;
+---------------------------------------------------+----------------------------------------+
; xfp:x_Flip_Flop|Q                                 ; Stuck at GND due to stuck port data_in ;
; register_unit:reg_unit|reg_8:reg_A|Data_Out[0..7] ; Stuck at GND due to stuck port data_in ;
; register_unit:reg_unit|reg_8:reg_B|Data_Out[0..7] ; Stuck at GND due to stuck port data_in ;
; control:control_unit|curr_state~2                 ; Lost fanout                            ;
; control:control_unit|curr_state~3                 ; Lost fanout                            ;
; control:control_unit|curr_state~4                 ; Lost fanout                            ;
; control:control_unit|curr_state~5                 ; Lost fanout                            ;
; control:control_unit|curr_state~6                 ; Lost fanout                            ;
; control:control_unit|curr_state~7                 ; Lost fanout                            ;
; control:control_unit|curr_state~8                 ; Lost fanout                            ;
; control:control_unit|curr_state~9                 ; Lost fanout                            ;
; control:control_unit|curr_state~10                ; Lost fanout                            ;
; control:control_unit|curr_state~11                ; Lost fanout                            ;
; control:control_unit|curr_state~12                ; Lost fanout                            ;
; control:control_unit|curr_state~13                ; Lost fanout                            ;
; control:control_unit|curr_state~14                ; Lost fanout                            ;
; control:control_unit|curr_state~15                ; Lost fanout                            ;
; control:control_unit|curr_state~16                ; Lost fanout                            ;
; control:control_unit|curr_state~17                ; Lost fanout                            ;
; control:control_unit|curr_state~18                ; Lost fanout                            ;
; control:control_unit|curr_state~19                ; Lost fanout                            ;
; control:control_unit|curr_state~20                ; Lost fanout                            ;
; sync:button_sync[0]|q                             ; Lost fanout                            ;
; sync:button_sync[2]|q                             ; Lost fanout                            ;
; control:control_unit|curr_state.S                 ; Lost fanout                            ;
; control:control_unit|curr_state.Q                 ; Lost fanout                            ;
; control:control_unit|curr_state.A                 ; Lost fanout                            ;
; control:control_unit|curr_state.A1                ; Lost fanout                            ;
; control:control_unit|curr_state.B                 ; Lost fanout                            ;
; control:control_unit|curr_state.B1                ; Lost fanout                            ;
; control:control_unit|curr_state.C                 ; Lost fanout                            ;
; control:control_unit|curr_state.C1                ; Lost fanout                            ;
; control:control_unit|curr_state.D                 ; Lost fanout                            ;
; control:control_unit|curr_state.D1                ; Lost fanout                            ;
; control:control_unit|curr_state.E                 ; Lost fanout                            ;
; control:control_unit|curr_state.E1                ; Lost fanout                            ;
; control:control_unit|curr_state.F                 ; Lost fanout                            ;
; control:control_unit|curr_state.F1                ; Lost fanout                            ;
; control:control_unit|curr_state.G                 ; Lost fanout                            ;
; control:control_unit|curr_state.G1                ; Lost fanout                            ;
; control:control_unit|curr_state.H                 ; Lost fanout                            ;
; control:control_unit|curr_state.H1                ; Lost fanout                            ;
; control:control_unit|curr_state.L                 ; Lost fanout                            ;
; Total Number of Removed Registers = 57            ;                                        ;
+---------------------------------------------------+----------------------------------------+


+---------------------------------------------------------------------------------------------------------------------------------------+
; Removed Registers Triggering Further Register Optimizations                                                                           ;
+-----------------------------------+---------------------------+-----------------------------------------------------------------------+
; Register name                     ; Reason for Removal        ; Registers Removed due to This Register                                ;
+-----------------------------------+---------------------------+-----------------------------------------------------------------------+
; xfp:x_Flip_Flop|Q                 ; Stuck at GND              ; register_unit:reg_unit|reg_8:reg_A|Data_Out[7],                       ;
;                                   ; due to stuck port data_in ; register_unit:reg_unit|reg_8:reg_A|Data_Out[6],                       ;
;                                   ;                           ; register_unit:reg_unit|reg_8:reg_A|Data_Out[5],                       ;
;                                   ;                           ; register_unit:reg_unit|reg_8:reg_A|Data_Out[4],                       ;
;                                   ;                           ; register_unit:reg_unit|reg_8:reg_A|Data_Out[3],                       ;
;                                   ;                           ; register_unit:reg_unit|reg_8:reg_A|Data_Out[2],                       ;
;                                   ;                           ; register_unit:reg_unit|reg_8:reg_A|Data_Out[1],                       ;
;                                   ;                           ; register_unit:reg_unit|reg_8:reg_A|Data_Out[0],                       ;
;                                   ;                           ; register_unit:reg_unit|reg_8:reg_B|Data_Out[7],                       ;
;                                   ;                           ; register_unit:reg_unit|reg_8:reg_B|Data_Out[6],                       ;
;                                   ;                           ; register_unit:reg_unit|reg_8:reg_B|Data_Out[5],                       ;
;                                   ;                           ; register_unit:reg_unit|reg_8:reg_B|Data_Out[4],                       ;
;                                   ;                           ; register_unit:reg_unit|reg_8:reg_B|Data_Out[3],                       ;
;                                   ;                           ; register_unit:reg_unit|reg_8:reg_B|Data_Out[2],                       ;
;                                   ;                           ; register_unit:reg_unit|reg_8:reg_B|Data_Out[1],                       ;
;                                   ;                           ; register_unit:reg_unit|reg_8:reg_B|Data_Out[0], sync:button_sync[2]|q ;
; control:control_unit|curr_state~2 ; Lost Fanouts              ; control:control_unit|curr_state.D, control:control_unit|curr_state.E, ;
;                                   ;                           ; control:control_unit|curr_state.F, control:control_unit|curr_state.G, ;
;                                   ;                           ; control:control_unit|curr_state.H                                     ;
; control:control_unit|curr_state~3 ; Lost Fanouts              ; sync:button_sync[0]|q, control:control_unit|curr_state.D1,            ;
;                                   ;                           ; control:control_unit|curr_state.F1                                    ;
; control:control_unit|curr_state~4 ; Lost Fanouts              ; control:control_unit|curr_state.C, control:control_unit|curr_state.E1 ;
; control:control_unit|curr_state~6 ; Lost Fanouts              ; control:control_unit|curr_state.G1                                    ;
+-----------------------------------+---------------------------+-----------------------------------------------------------------------+


+------------------------------------------------------+
; General Register Statistics                          ;
+----------------------------------------------+-------+
; Statistic                                    ; Value ;
+----------------------------------------------+-------+
; Total registers                              ; 0     ;
; Number of registers using Synchronous Clear  ; 0     ;
; Number of registers using Synchronous Load   ; 0     ;
; Number of registers using Asynchronous Clear ; 0     ;
; Number of registers using Asynchronous Load  ; 0     ;
; Number of registers using Clock Enable       ; 0     ;
; Number of registers using Preset             ; 0     ;
+----------------------------------------------+-------+


+----------------------------------------------------------------------------------------------------------------+
; Port Connectivity Checks: "sync:Din_sync[7]"                                                                   ;
+------+--------+----------+-------------------------------------------------------------------------------------+
; Port ; Type   ; Severity ; Details                                                                             ;
+------+--------+----------+-------------------------------------------------------------------------------------+
; q    ; Output ; Info     ; Connected to dangling logic. Logic that only feeds a dangling port will be removed. ;
+------+--------+----------+-------------------------------------------------------------------------------------+


+----------------------------------------------------------------------------------------------------------------+
; Port Connectivity Checks: "sync:Din_sync[6]"                                                                   ;
+------+--------+----------+-------------------------------------------------------------------------------------+
; Port ; Type   ; Severity ; Details                                                                             ;
+------+--------+----------+-------------------------------------------------------------------------------------+
; q    ; Output ; Info     ; Connected to dangling logic. Logic that only feeds a dangling port will be removed. ;
+------+--------+----------+-------------------------------------------------------------------------------------+


+----------------------------------------------------------------------------------------------------------------+
; Port Connectivity Checks: "sync:Din_sync[5]"                                                                   ;
+------+--------+----------+-------------------------------------------------------------------------------------+
; Port ; Type   ; Severity ; Details                                                                             ;
+------+--------+----------+-------------------------------------------------------------------------------------+
; q    ; Output ; Info     ; Connected to dangling logic. Logic that only feeds a dangling port will be removed. ;
+------+--------+----------+-------------------------------------------------------------------------------------+


+----------------------------------------------------------------------------------------------------------------+
; Port Connectivity Checks: "sync:Din_sync[4]"                                                                   ;
+------+--------+----------+-------------------------------------------------------------------------------------+
; Port ; Type   ; Severity ; Details                                                                             ;
+------+--------+----------+-------------------------------------------------------------------------------------+
; q    ; Output ; Info     ; Connected to dangling logic. Logic that only feeds a dangling port will be removed. ;
+------+--------+----------+-------------------------------------------------------------------------------------+


+----------------------------------------------------------------------------------------------------------------+
; Port Connectivity Checks: "sync:Din_sync[3]"                                                                   ;
+------+--------+----------+-------------------------------------------------------------------------------------+
; Port ; Type   ; Severity ; Details                                                                             ;
+------+--------+----------+-------------------------------------------------------------------------------------+
; q    ; Output ; Info     ; Connected to dangling logic. Logic that only feeds a dangling port will be removed. ;
+------+--------+----------+-------------------------------------------------------------------------------------+


+----------------------------------------------------------------------------------------------------------------+
; Port Connectivity Checks: "sync:Din_sync[2]"                                                                   ;
+------+--------+----------+-------------------------------------------------------------------------------------+
; Port ; Type   ; Severity ; Details                                                                             ;
+------+--------+----------+-------------------------------------------------------------------------------------+
; q    ; Output ; Info     ; Connected to dangling logic. Logic that only feeds a dangling port will be removed. ;
+------+--------+----------+-------------------------------------------------------------------------------------+


+----------------------------------------------------------------------------------------------------------------+
; Port Connectivity Checks: "sync:Din_sync[1]"                                                                   ;
+------+--------+----------+-------------------------------------------------------------------------------------+
; Port ; Type   ; Severity ; Details                                                                             ;
+------+--------+----------+-------------------------------------------------------------------------------------+
; q    ; Output ; Info     ; Connected to dangling logic. Logic that only feeds a dangling port will be removed. ;
+------+--------+----------+-------------------------------------------------------------------------------------+


+----------------------------------------------------------------------------------------------------------------+
; Port Connectivity Checks: "sync:Din_sync[0]"                                                                   ;
+------+--------+----------+-------------------------------------------------------------------------------------+
; Port ; Type   ; Severity ; Details                                                                             ;
+------+--------+----------+-------------------------------------------------------------------------------------+
; q    ; Output ; Info     ; Connected to dangling logic. Logic that only feeds a dangling port will be removed. ;
+------+--------+----------+-------------------------------------------------------------------------------------+


+---------------------------------------------------------------------------------------------------------------------------------------------------------------------------+
; Port Connectivity Checks: "control:control_unit"                                                                                                                          ;
+--------+--------+----------+----------------------------------------------------------------------------------------------------------------------------------------------+
; Port   ; Type   ; Severity ; Details                                                                                                                                      ;
+--------+--------+----------+----------------------------------------------------------------------------------------------------------------------------------------------+
; Clr_Ld ; Output ; Info     ; Connected to dangling logic. Logic that only feeds a dangling port will be removed.                                                          ;
; M      ; Input  ; Warning  ; Declared by entity but not connected by instance. If a default value exists, it will be used.  Otherwise, the port will be connected to GND. ;
+--------+--------+----------+----------------------------------------------------------------------------------------------------------------------------------------------+


+----------------------------------------------------------------------------------------------------------------+
; Port Connectivity Checks: "sign_extend_adder:adder_unit|full_adder:FA8"                                        ;
+------+--------+----------+-------------------------------------------------------------------------------------+
; Port ; Type   ; Severity ; Details                                                                             ;
+------+--------+----------+-------------------------------------------------------------------------------------+
; cout ; Output ; Info     ; Connected to dangling logic. Logic that only feeds a dangling port will be removed. ;
+------+--------+----------+-------------------------------------------------------------------------------------+


+-----------------------------------------------------------------------------------------------------------------+
; Port Connectivity Checks: "register_unit:reg_unit"                                                              ;
+-------+--------+----------+-------------------------------------------------------------------------------------+
; Port  ; Type   ; Severity ; Details                                                                             ;
+-------+--------+----------+-------------------------------------------------------------------------------------+
; Ld_B  ; Input  ; Info     ; Stuck at GND                                                                        ;
; B_out ; Output ; Info     ; Connected to dangling logic. Logic that only feeds a dangling port will be removed. ;
+-------+--------+----------+-------------------------------------------------------------------------------------+


+-------------------------------+
; Elapsed Time Per Partition    ;
+----------------+--------------+
; Partition Name ; Elapsed Time ;
+----------------+--------------+
; Top            ; 00:00:00     ;
+----------------+--------------+


+-------------------------------+
; Analysis & Synthesis Messages ;
+-------------------------------+
Info: *******************************************************************
Info: Running Quartus II 32-bit Analysis & Synthesis
    Info: Version 13.1.4 Build 182 03/12/2014 SJ Full Version
    Info: Processing started: Tue Feb 13 23:22:29 2018
Info: Command: quartus_map --read_settings_files=on --write_settings_files=off Multiplier -c Multiplier
Info (11104): Parallel Compilation has detected 24 hyper-threaded processors. However, the extra hyper-threaded processors will not be used by default. Parallel Compilation will use 12 of the 12 physical processors detected instead.
Info (12021): Found 1 design units, including 1 entities, in source file xfp.sv
    Info (12023): Found entity 1: xfp
Info (12021): Found 3 design units, including 3 entities, in source file Synchronizers.sv
    Info (12023): Found entity 1: sync
    Info (12023): Found entity 2: sync_r0
    Info (12023): Found entity 3: sync_r1
Info (12021): Found 1 design units, including 1 entities, in source file Register_unit.sv
    Info (12023): Found entity 1: register_unit
Info (12021): Found 1 design units, including 1 entities, in source file Reg_8.sv
    Info (12023): Found entity 1: reg_8
Info (12021): Found 1 design units, including 1 entities, in source file multiplier.sv
    Info (12023): Found entity 1: multiplier
Info (12021): Found 1 design units, including 1 entities, in source file HexDriver.sv
    Info (12023): Found entity 1: HexDriver
Info (12021): Found 1 design units, including 1 entities, in source file Control.sv
    Info (12023): Found entity 1: control
Info (12021): Found 2 design units, including 2 entities, in source file adder.sv
    Info (12023): Found entity 1: sign_extend_adder
    Info (12023): Found entity 2: full_adder
Warning (10236): Verilog HDL Implicit Net warning at multiplier.sv(33): created implicit net for "ClA_LdB"
Info (12127): Elaborating entity "multiplier" for the top level hierarchy
Warning (10030): Net "ClA_LdB" at multiplier.sv(33) has no driver or initial value, using a default initial value '0'
Warning (10034): Output port "LED" at multiplier.sv(8) has no driver
Info (12128): Elaborating entity "register_unit" for hierarchy "register_unit:reg_unit"
Info (12128): Elaborating entity "reg_8" for hierarchy "register_unit:reg_unit|reg_8:reg_A"
Info (12128): Elaborating entity "sign_extend_adder" for hierarchy "sign_extend_adder:adder_unit"
Info (12128): Elaborating entity "full_adder" for hierarchy "sign_extend_adder:adder_unit|full_adder:FA0"
Info (12128): Elaborating entity "control" for hierarchy "control:control_unit"
Info (10264): Verilog HDL Case Statement information at Control.sv(56): all case item expressions in this case statement are onehot
Info (12128): Elaborating entity "xfp" for hierarchy "xfp:x_Flip_Flop"
Info (12128): Elaborating entity "HexDriver" for hierarchy "HexDriver:HexAL"
Info (12128): Elaborating entity "sync" for hierarchy "sync:button_sync[0]"
Warning (12241): 1 hierarchies have connectivity warnings - see the Connectivity Checks report folder
Warning (13024): Output pins are stuck at VCC or GND
    Warning (13410): Pin "LED[0]" is stuck at GND
    Warning (13410): Pin "LED[1]" is stuck at GND
    Warning (13410): Pin "LED[2]" is stuck at GND
    Warning (13410): Pin "LED[3]" is stuck at GND
    Warning (13410): Pin "Aval[0]" is stuck at GND
    Warning (13410): Pin "Aval[1]" is stuck at GND
    Warning (13410): Pin "Aval[2]" is stuck at GND
    Warning (13410): Pin "Aval[3]" is stuck at GND
    Warning (13410): Pin "Aval[4]" is stuck at GND
    Warning (13410): Pin "Aval[5]" is stuck at GND
    Warning (13410): Pin "Aval[6]" is stuck at GND
    Warning (13410): Pin "Aval[7]" is stuck at GND
    Warning (13410): Pin "Bval[0]" is stuck at GND
    Warning (13410): Pin "Bval[1]" is stuck at GND
    Warning (13410): Pin "Bval[2]" is stuck at GND
    Warning (13410): Pin "Bval[3]" is stuck at GND
    Warning (13410): Pin "Bval[4]" is stuck at GND
    Warning (13410): Pin "Bval[5]" is stuck at GND
    Warning (13410): Pin "Bval[6]" is stuck at GND
    Warning (13410): Pin "Bval[7]" is stuck at GND
    Warning (13410): Pin "AhexL[0]" is stuck at GND
    Warning (13410): Pin "AhexL[1]" is stuck at GND
    Warning (13410): Pin "AhexL[2]" is stuck at GND
    Warning (13410): Pin "AhexL[3]" is stuck at GND
    Warning (13410): Pin "AhexL[4]" is stuck at GND
    Warning (13410): Pin "AhexL[5]" is stuck at GND
    Warning (13410): Pin "AhexL[6]" is stuck at VCC
    Warning (13410): Pin "AhexU[0]" is stuck at GND
    Warning (13410): Pin "AhexU[1]" is stuck at GND
    Warning (13410): Pin "AhexU[2]" is stuck at GND
    Warning (13410): Pin "AhexU[3]" is stuck at GND
    Warning (13410): Pin "AhexU[4]" is stuck at GND
    Warning (13410): Pin "AhexU[5]" is stuck at GND
    Warning (13410): Pin "AhexU[6]" is stuck at VCC
    Warning (13410): Pin "BhexL[0]" is stuck at GND
    Warning (13410): Pin "BhexL[1]" is stuck at GND
    Warning (13410): Pin "BhexL[2]" is stuck at GND
    Warning (13410): Pin "BhexL[3]" is stuck at GND
    Warning (13410): Pin "BhexL[4]" is stuck at GND
    Warning (13410): Pin "BhexL[5]" is stuck at GND
    Warning (13410): Pin "BhexL[6]" is stuck at VCC
    Warning (13410): Pin "BhexU[0]" is stuck at GND
    Warning (13410): Pin "BhexU[1]" is stuck at GND
    Warning (13410): Pin "BhexU[2]" is stuck at GND
    Warning (13410): Pin "BhexU[3]" is stuck at GND
    Warning (13410): Pin "BhexU[4]" is stuck at GND
    Warning (13410): Pin "BhexU[5]" is stuck at GND
    Warning (13410): Pin "BhexU[6]" is stuck at VCC
Info (17049): 40 registers lost all their fanouts during netlist optimizations.
Info (144001): Generated suppressed messages file /home/cwu72/Desktop/Lab-5/output_files/Multiplier.map.smsg
Info (16010): Generating hard_block partition "hard_block:auto_generated_inst"
    Info (16011): Adding 0 node(s), including 0 DDIO, 0 PLL, 0 transceiver and 0 LCELL
Warning (21074): Design contains 12 input pin(s) that do not drive logic
    Warning (15610): No output dependent on input pin "ClearA_LoadB"
    Warning (15610): No output dependent on input pin "SW[0]"
    Warning (15610): No output dependent on input pin "SW[1]"
    Warning (15610): No output dependent on input pin "SW[2]"
    Warning (15610): No output dependent on input pin "SW[3]"
    Warning (15610): No output dependent on input pin "SW[4]"
    Warning (15610): No output dependent on input pin "SW[5]"
    Warning (15610): No output dependent on input pin "SW[6]"
    Warning (15610): No output dependent on input pin "SW[7]"
    Warning (15610): No output dependent on input pin "Clk"
    Warning (15610): No output dependent on input pin "Execute"
    Warning (15610): No output dependent on input pin "Reset"
Info (21057): Implemented 60 device resources after synthesis - the final resource count might be different
    Info (21058): Implemented 12 input pins
    Info (21059): Implemented 48 output pins
Info: Quartus II 32-bit Analysis & Synthesis was successful. 0 errors, 66 warnings
    Info: Peak virtual memory: 376 megabytes
    Info: Processing ended: Tue Feb 13 23:22:35 2018
    Info: Elapsed time: 00:00:06
    Info: Total CPU time (on all processors): 00:00:03


+------------------------------------------+
; Analysis & Synthesis Suppressed Messages ;
+------------------------------------------+
The suppressed messages can be found in /home/cwu72/Desktop/Lab-5/output_files/Multiplier.map.smsg.


